Info: Starting: Create block symbol file (.bsf)
Info: qsys-generate C:\Users\Superviseur\Documents\tp_nios_v\sopc\nios.qsys --block-symbol-file --output-directory=C:\Users\Superviseur\Documents\tp_nios_v\sopc\nios --family="Cyclone V" --part=5CSEBA6U23I7
Progress: Loading sopc/nios.qsys
Progress: Reading input file
Progress: Adding clk_0 [clock_source 24.1]
Progress: Parameterizing module clk_0
Progress: Adding intel_niosv_m_0 [intel_niosv_m 26.0.0]
Progress: Parameterizing module intel_niosv_m_0
Progress: Adding jtag_uart_0 [altera_avalon_jtag_uart 24.1]
Progress: Parameterizing module jtag_uart_0
Progress: Adding onchip_memory2_0 [altera_avalon_onchip_memory2 24.1]
Progress: Parameterizing module onchip_memory2_0
Progress: Adding pio_0 [altera_avalon_pio 24.1]
Progress: Parameterizing module pio_0
Progress: Building connections
Progress: Parameterizing connections
Progress: Validating
Progress: Done reading input file
Warning: nios.intel_niosv_m_0: Properties (associatedClock) have been set on interface reset - in composed mode these are ignored
Warning: nios.intel_niosv_m_0: Properties (associatedClock) have been set on interface ndm_reset_in - in composed mode these are ignored
Warning: nios.intel_niosv_m_0: Properties (associatedClock,associatedReset) have been set on interface instruction_manager - in composed mode these are ignored
Warning: nios.intel_niosv_m_0: Properties (associatedClock,associatedReset) have been set on interface data_manager - in composed mode these are ignored
Info: nios.jtag_uart_0: JTAG UART IP input clock need to be at least double (2x) the operating frequency of JTAG TCK on board
Warning: nios.jtag_uart_0: Interrupt sender jtag_uart_0.irq is not connected to an interrupt receiver
Info: qsys-generate succeeded.
Info: Finished: Create block symbol file (.bsf)
Info: 
Info: Starting: Create HDL design files for synthesis
Info: qsys-generate C:\Users\Superviseur\Documents\tp_nios_v\sopc\nios.qsys --synthesis=VHDL --output-directory=C:\Users\Superviseur\Documents\tp_nios_v\sopc\nios\synthesis --family="Cyclone V" --part=5CSEBA6U23I7
Progress: Loading sopc/nios.qsys
Progress: Reading input file
Progress: Adding clk_0 [clock_source 24.1]
Progress: Parameterizing module clk_0
Progress: Adding intel_niosv_m_0 [intel_niosv_m 26.0.0]
Progress: Parameterizing module intel_niosv_m_0
Progress: Adding jtag_uart_0 [altera_avalon_jtag_uart 24.1]
Progress: Parameterizing module jtag_uart_0
Progress: Adding onchip_memory2_0 [altera_avalon_onchip_memory2 24.1]
Progress: Parameterizing module onchip_memory2_0
Progress: Adding pio_0 [altera_avalon_pio 24.1]
Progress: Parameterizing module pio_0
Progress: Building connections
Progress: Parameterizing connections
Progress: Validating
Progress: Done reading input file
Warning: nios.intel_niosv_m_0: Properties (associatedClock) have been set on interface reset - in composed mode these are ignored
Warning: nios.intel_niosv_m_0: Properties (associatedClock) have been set on interface ndm_reset_in - in composed mode these are ignored
Warning: nios.intel_niosv_m_0: Properties (associatedClock,associatedReset) have been set on interface instruction_manager - in composed mode these are ignored
Warning: nios.intel_niosv_m_0: Properties (associatedClock,associatedReset) have been set on interface data_manager - in composed mode these are ignored
Info: nios.jtag_uart_0: JTAG UART IP input clock need to be at least double (2x) the operating frequency of JTAG TCK on board
Warning: nios.jtag_uart_0: Interrupt sender jtag_uart_0.irq is not connected to an interrupt receiver
Info: nios: Generating "nios" for QUARTUS_SYNTH
Info: intel_niosv_m_0: "nios" instantiated intel_niosv_m "intel_niosv_m_0"
Info: jtag_uart_0: "nios" instantiated altera_avalon_jtag_uart "jtag_uart_0"
Info: onchip_memory2_0: Starting RTL generation for module 'nios_onchip_memory2_0'
Info: onchip_memory2_0:   Generation command is [exec cmd /c {set LC_ALL=C&& C:/programs/intelfpga_lite/24.1std/quartus/bin64/perl/bin/perl.exe -I C:/programs/intelfpga_lite/24.1std/quartus/bin64/perl/lib -I C:/programs/intelfpga_lite/24.1std/quartus/sopc_builder/bin/europa -I C:/programs/intelfpga_lite/24.1std/quartus/sopc_builder/bin -I C:/programs/intelfpga_lite/24.1std/quartus/../ip/altera/sopc_builder_ip/common -I C:/programs/intelfpga_lite/24.1std/quartus/../ip/altera/sopc_builder_ip/altera_avalon_onchip_memory2 -- C:/programs/intelfpga_lite/24.1std/quartus/../ip/altera/sopc_builder_ip/altera_avalon_onchip_memory2/generate_rtl.pl --name=nios_onchip_memory2_0 --dir=C:/Users/Superviseur/AppData/Local/Temp/alt0441_6586840027948331612.dir/0003_onchip_memory2_0_gen/ --quartus_dir=C:/programs/intelfpga_lite/24.1std/quartus --verilog --config=C:/Users/Superviseur/AppData/Local/Temp/alt0441_6586840027948331612.dir/0003_onchip_memory2_0_gen//nios_onchip_memory2_0_component_configuration.pl --do_build_sim=0}]
Info: onchip_memory2_0: Done RTL generation for module 'nios_onchip_memory2_0'
Info: onchip_memory2_0: "nios" instantiated altera_avalon_onchip_memory2 "onchip_memory2_0"
Info: pio_0: Starting RTL generation for module 'nios_pio_0'
Info: pio_0:   Generation command is [exec cmd /c {set LC_ALL=C&& C:/programs/intelfpga_lite/24.1std/quartus/bin64/perl/bin/perl.exe -I C:/programs/intelfpga_lite/24.1std/quartus/bin64/perl/lib -I C:/programs/intelfpga_lite/24.1std/quartus/sopc_builder/bin/europa -I C:/programs/intelfpga_lite/24.1std/quartus/sopc_builder/bin -I C:/programs/intelfpga_lite/24.1std/quartus/../ip/altera/sopc_builder_ip/common -I C:/programs/intelfpga_lite/24.1std/quartus/../ip/altera/sopc_builder_ip/altera_avalon_pio -- C:/programs/intelfpga_lite/24.1std/quartus/../ip/altera/sopc_builder_ip/altera_avalon_pio/generate_rtl.pl --name=nios_pio_0 --dir=C:/Users/Superviseur/AppData/Local/Temp/alt0441_6586840027948331612.dir/0004_pio_0_gen/ --quartus_dir=C:/programs/intelfpga_lite/24.1std/quartus --verilog --config=C:/Users/Superviseur/AppData/Local/Temp/alt0441_6586840027948331612.dir/0004_pio_0_gen//nios_pio_0_component_configuration.pl --do_build_sim=0}]
Info: pio_0: Done RTL generation for module 'nios_pio_0'
Info: pio_0: "nios" instantiated altera_avalon_pio "pio_0"
Info: avalon_st_adapter: Inserting error_adapter: error_adapter_0
Info: avalon_st_adapter_001: Inserting error_adapter: error_adapter_0
Info: avalon_st_adapter_002: Inserting error_adapter: error_adapter_0
Info: avalon_st_adapter_003: Inserting error_adapter: error_adapter_0
Info: avalon_st_adapter_004: Inserting error_adapter: error_adapter_0
Info: mm_interconnect_0: "nios" instantiated altera_mm_interconnect "mm_interconnect_0"
Info: irq_mapper: "nios" instantiated altera_irq_mapper "irq_mapper"
Info: rst_controller: "nios" instantiated altera_reset_controller "rst_controller"
Info: niosv_reset_controller: "Generating: niosv_reset_controller"
Info: hart: "intel_niosv_m_0" instantiated intel_niosv_m_unit "hart"
Info: timer_module: "intel_niosv_m_0" instantiated intel_niosv_timer_msip "timer_module"
Info: dbg_mod: "intel_niosv_m_0" instantiated intel_niosv_dbg_mod "dbg_mod"
Info: Reusing file C:/Users/Superviseur/Documents/tp_nios_v/sopc/nios/synthesis/submodules/niosv_ram.sv
Info: Reusing file C:/Users/Superviseur/Documents/tp_nios_v/sopc/nios/synthesis/submodules/altera_reset_synchronizer.v
Info: Reusing file C:/Users/Superviseur/Documents/tp_nios_v/sopc/nios/synthesis/submodules/altera_reset_controller.v
Info: Reusing file C:/Users/Superviseur/Documents/tp_nios_v/sopc/nios/synthesis/submodules/altera_reset_controller.sdc
Info: irq_mapper: "intel_niosv_m_0" instantiated altera_irq_mapper "irq_mapper"
Info: jtag_uart_0_avalon_jtag_slave_translator: "mm_interconnect_0" instantiated altera_merlin_slave_translator "jtag_uart_0_avalon_jtag_slave_translator"
Info: intel_niosv_m_0_data_manager_agent: "mm_interconnect_0" instantiated altera_merlin_axi_master_ni "intel_niosv_m_0_data_manager_agent"
Info: jtag_uart_0_avalon_jtag_slave_agent: "mm_interconnect_0" instantiated altera_merlin_slave_agent "jtag_uart_0_avalon_jtag_slave_agent"
Info: jtag_uart_0_avalon_jtag_slave_agent_rsp_fifo: "mm_interconnect_0" instantiated altera_avalon_sc_fifo "jtag_uart_0_avalon_jtag_slave_agent_rsp_fifo"
Info: router: "mm_interconnect_0" instantiated altera_merlin_router "router"
Info: router_002: "mm_interconnect_0" instantiated altera_merlin_router "router_002"
Info: router_004: "mm_interconnect_0" instantiated altera_merlin_router "router_004"
Info: router_005: "mm_interconnect_0" instantiated altera_merlin_router "router_005"
Info: intel_niosv_m_0_instruction_manager_wr_limiter: "mm_interconnect_0" instantiated altera_merlin_traffic_limiter "intel_niosv_m_0_instruction_manager_wr_limiter"
Info: Reusing file C:/Users/Superviseur/Documents/tp_nios_v/sopc/nios/synthesis/submodules/altera_avalon_sc_fifo.v
Info: Reusing file C:/Users/Superviseur/Documents/tp_nios_v/sopc/nios/synthesis/submodules/altera_avalon_st_pipeline_base.v
Info: cmd_demux: "mm_interconnect_0" instantiated altera_merlin_demultiplexer "cmd_demux"
Info: cmd_demux_002: "mm_interconnect_0" instantiated altera_merlin_demultiplexer "cmd_demux_002"
Info: cmd_mux: "mm_interconnect_0" instantiated altera_merlin_multiplexer "cmd_mux"
Info: cmd_mux_001: "mm_interconnect_0" instantiated altera_merlin_multiplexer "cmd_mux_001"
Info: Reusing file C:/Users/Superviseur/Documents/tp_nios_v/sopc/nios/synthesis/submodules/altera_merlin_arbitrator.sv
Info: rsp_demux: "mm_interconnect_0" instantiated altera_merlin_demultiplexer "rsp_demux"
Info: rsp_demux_001: "mm_interconnect_0" instantiated altera_merlin_demultiplexer "rsp_demux_001"
Info: rsp_mux: "mm_interconnect_0" instantiated altera_merlin_multiplexer "rsp_mux"
Info: Reusing file C:/Users/Superviseur/Documents/tp_nios_v/sopc/nios/synthesis/submodules/altera_merlin_arbitrator.sv
Info: rsp_mux_002: "mm_interconnect_0" instantiated altera_merlin_multiplexer "rsp_mux_002"
Info: Reusing file C:/Users/Superviseur/Documents/tp_nios_v/sopc/nios/synthesis/submodules/altera_merlin_arbitrator.sv
Info: avalon_st_adapter: "mm_interconnect_0" instantiated altera_avalon_st_adapter "avalon_st_adapter"
Info: niosv_reset_controller: "hart" instantiated intel_niosv_m_unit "niosv_reset_controller"
Info: error_adapter_0: "avalon_st_adapter" instantiated error_adapter "error_adapter_0"
Info: nios: Done "nios" with 32 modules, 87 files
Info: qsys-generate succeeded.
Info: Finished: Create HDL design files for synthesis
