Assembler report for tp_nios_v
Mon Jan 12 18:20:24 2026
Quartus Prime Version 24.1std.0 Build 1077 03/04/2025 SC Lite Edition


---------------------
; Table of Contents ;
---------------------
  1. Legal Notice
  2. Assembler Summary
  3. Assembler Settings
  4. Assembler Generated Files
  5. Assembler Device Options: C:/Users/Superviseur/Documents/tp_nios_v/synt/output_files/tp_nios_v.sof
  6. Assembler Messages



----------------
; Legal Notice ;
----------------
Copyright (C) 2025  Altera Corporation. All rights reserved.
Your use of Altera Corporation's design tools, logic functions 
and other software and tools, and any partner logic 
functions, and any output files from any of the foregoing 
(including device programming or simulation files), and any 
associated documentation or information are expressly subject 
to the terms and conditions of the Altera Program License 
Subscription Agreement, the Altera Quartus Prime License Agreement,
the Altera IP License Agreement, or other applicable license
agreement, including, without limitation, that your use is for
the sole purpose of programming logic devices manufactured by
Altera and sold by Altera or its authorized distributors.  Please
refer to the Altera Software License Subscription Agreements 
on the Quartus Prime software download page.



+---------------------------------------------------------------+
; Assembler Summary                                             ;
+-----------------------+---------------------------------------+
; Assembler Status      ; Successful - Mon Jan 12 18:20:24 2026 ;
; Revision Name         ; tp_nios_v                             ;
; Top-level Entity Name ; telecran                              ;
; Family                ; Cyclone V                             ;
; Device                ; 5CSEBA6U23I7                          ;
+-----------------------+---------------------------------------+


+----------------------------------+
; Assembler Settings               ;
+--------+---------+---------------+
; Option ; Setting ; Default Value ;
+--------+---------+---------------+


+--------------------------------------------------------------------------+
; Assembler Generated Files                                                ;
+--------------------------------------------------------------------------+
; File Name                                                                ;
+--------------------------------------------------------------------------+
; C:/Users/Superviseur/Documents/tp_nios_v/synt/output_files/tp_nios_v.sof ;
+--------------------------------------------------------------------------+


+----------------------------------------------------------------------------------------------------+
; Assembler Device Options: C:/Users/Superviseur/Documents/tp_nios_v/synt/output_files/tp_nios_v.sof ;
+----------------+-----------------------------------------------------------------------------------+
; Option         ; Setting                                                                           ;
+----------------+-----------------------------------------------------------------------------------+
; JTAG usercode  ; 0x07784063                                                                        ;
; Checksum       ; 0x07784063                                                                        ;
+----------------+-----------------------------------------------------------------------------------+


+--------------------+
; Assembler Messages ;
+--------------------+
Info: *******************************************************************
Info: Running Quartus Prime Assembler
    Info: Version 24.1std.0 Build 1077 03/04/2025 SC Lite Edition
    Info: Processing started: Mon Jan 12 18:20:16 2026
Info: Command: quartus_asm --read_settings_files=off --write_settings_files=off tp_nios_v -c tp_nios_v
Warning (125092): Tcl Script File pll/sys_pll.qip not found
    Info (125063): set_global_assignment -name QIP_FILE pll/sys_pll.qip
Warning (125092): Tcl Script File pll/pll_reconfig.qip not found
    Info (125063): set_global_assignment -name QIP_FILE pll/pll_reconfig.qip
Warning (125092): Tcl Script File pll/pll.qip not found
    Info (125063): set_global_assignment -name QIP_FILE pll/pll.qip
Warning (18236): Number of processors has not been specified which may cause overloading on shared machines.  Set the global assignment NUM_PARALLEL_PROCESSORS in your QSF to an appropriate value for best performance.
Info (115030): Assembler is generating device programming files
Info: Quartus Prime Assembler was successful. 0 errors, 4 warnings
    Info: Peak virtual memory: 4906 megabytes
    Info: Processing ended: Mon Jan 12 18:20:24 2026
    Info: Elapsed time: 00:00:08
    Info: Total CPU time (on all processors): 00:00:08


